<?xml version="1.0" encoding="UTF-8"?>
<testsuite name="com.CreateNewUser.UserCreate" tests="1" skipped="0" failures="0" errors="0" timestamp="2021-09-16T19:42:32" hostname="ENY" time="2.394">
  <properties/>
  <testcase name="testPostUser()" classname="com.CreateNewUser.UserCreate" time="2.394"/>
  <system-out><![CDATA[]]></system-out>
  <system-err><![CDATA[]]></system-err>
</testsuite>
